[debug] [2025-03-22T20:00:32.110Z] ----------------------------------------------------------------------
[debug] [2025-03-22T20:00:32.114Z] Command:       C:\nvm4w\nodejs\node.exe C:\nvm4w\nodejs\node_modules\firebase-tools\lib\bin\firebase.js emulators:start --only functions
[debug] [2025-03-22T20:00:32.114Z] CLI Version:   13.33.0
[debug] [2025-03-22T20:00:32.114Z] Platform:      win32
[debug] [2025-03-22T20:00:32.114Z] Node Version:  v22.14.0
[debug] [2025-03-22T20:00:32.115Z] Time:          Sun Mar 23 2025 01:00:32 GMT+0500 (Pakistan Standard Time)
[debug] [2025-03-22T20:00:32.115Z] ----------------------------------------------------------------------
[debug] 
[debug] [2025-03-22T20:00:32.451Z] > command requires scopes: ["email","openid","https://www.googleapis.com/auth/cloudplatformprojects.readonly","https://www.googleapis.com/auth/firebase","https://www.googleapis.com/auth/cloud-platform"]
[debug] [2025-03-22T20:00:32.451Z] > authorizing via signed-in user (abidhuzaifa128@gmail.com)
[info] i  emulators: Starting emulators: functions {"metadata":{"emulator":{"name":"hub"},"message":"Starting emulators: functions"}}
[debug] [2025-03-22T20:00:32.465Z] [logging] Logging Emulator only supports listening on one address (127.0.0.1). Not listening on ::1
[debug] [2025-03-22T20:00:32.466Z] assigned listening specs for emulators {"user":{"hub":[{"address":"127.0.0.1","family":"IPv4","port":4400},{"address":"::1","family":"IPv6","port":4400}],"ui":[{"address":"127.0.0.1","family":"IPv4","port":4000},{"address":"::1","family":"IPv6","port":4000}],"logging":[{"address":"127.0.0.1","family":"IPv4","port":4500}]},"metadata":{"message":"assigned listening specs for emulators"}}
[debug] [2025-03-22T20:00:32.471Z] [hub] writing locator at C:\Users\abidh\AppData\Local\Temp\hub-espace-etude.json
[debug] [2025-03-22T20:00:32.494Z] [functions] Functions Emulator only supports listening on one address (127.0.0.1). Not listening on ::1
[debug] [2025-03-22T20:00:32.494Z] [eventarc] Eventarc Emulator only supports listening on one address (127.0.0.1). Not listening on ::1
[debug] [2025-03-22T20:00:32.494Z] [tasks] Cloud Tasks Emulator only supports listening on one address (127.0.0.1). Not listening on ::1
[debug] [2025-03-22T20:00:32.494Z] late-assigned ports for functions and eventarc emulators {"user":{"hub":[{"address":"127.0.0.1","family":"IPv4","port":4400},{"address":"::1","family":"IPv6","port":4400}],"ui":[{"address":"127.0.0.1","family":"IPv4","port":4000},{"address":"::1","family":"IPv6","port":4000}],"logging":[{"address":"127.0.0.1","family":"IPv4","port":4500}],"functions":[{"address":"127.0.0.1","family":"IPv4","port":5001}],"eventarc":[{"address":"127.0.0.1","family":"IPv4","port":9299}],"tasks":[{"address":"127.0.0.1","family":"IPv4","port":9499}]},"metadata":{"message":"late-assigned ports for functions and eventarc emulators"}}
[warn] !  functions: The following emulators are not running, calls to these services from the Functions emulator will affect production: apphosting, auth, firestore, database, hosting, pubsub, storage, dataconnect {"metadata":{"emulator":{"name":"functions"},"message":"The following emulators are not running, calls to these services from the Functions emulator will affect production: \u001b[1mapphosting, auth, firestore, database, hosting, pubsub, storage, dataconnect\u001b[22m"}}
[debug] [2025-03-22T20:00:32.501Z] defaultcredentials: writing to file C:\Users\abidh\AppData\Roaming\firebase\abidhuzaifa128_gmail_com_application_default_credentials.json
[debug] [2025-03-22T20:00:32.504Z] Setting GAC to C:\Users\abidh\AppData\Roaming\firebase\abidhuzaifa128_gmail_com_application_default_credentials.json {"metadata":{"emulator":{"name":"functions"},"message":"Setting GAC to C:\\Users\\abidh\\AppData\\Roaming\\firebase\\abidhuzaifa128_gmail_com_application_default_credentials.json"}}
[debug] [2025-03-22T20:00:32.506Z] Checked if tokens are valid: true, expires at: 1742675652934
[debug] [2025-03-22T20:00:32.506Z] Checked if tokens are valid: true, expires at: 1742675652934
[debug] [2025-03-22T20:00:32.508Z] >>> [apiv2][query] GET https://firebase.googleapis.com/v1beta1/projects/espace-etude/adminSdkConfig [none]
[debug] [2025-03-22T20:00:33.134Z] <<< [apiv2][status] GET https://firebase.googleapis.com/v1beta1/projects/espace-etude/adminSdkConfig 200
[debug] [2025-03-22T20:00:33.134Z] <<< [apiv2][body] GET https://firebase.googleapis.com/v1beta1/projects/espace-etude/adminSdkConfig {"projectId":"espace-etude","storageBucket":"espace-etude.firebasestorage.app"}
[info] i  functions: Watching "C:\Projects\espace-etude-project\functions" for Cloud Functions... {"metadata":{"emulator":{"name":"functions"},"message":"Watching \"C:\\Projects\\espace-etude-project\\functions\" for Cloud Functions..."}}
[debug] [2025-03-22T20:00:33.183Z] Validating nodejs source
[debug] [2025-03-22T20:00:34.612Z] > [functions] package.json contents: {
  "name": "functions",
  "scripts": {
    "build": "tsc",
    "build:watch": "tsc --watch",
    "serve": "npm run build && firebase emulators:start --only functions",
    "shell": "npm run build && firebase functions:shell",
    "start": "npm run shell",
    "deploy": "firebase deploy --only functions",
    "logs": "firebase functions:log"
  },
  "engines": {
    "node": "22"
  },
  "main": "lib/index.js",
  "dependencies": {
    "firebase-admin": "^12.6.0",
    "firebase-functions": "^6.0.1"
  },
  "devDependencies": {
    "typescript": "^4.9.0",
    "firebase-functions-test": "^3.1.0"
  },
  "private": true
}
[debug] [2025-03-22T20:00:34.613Z] Building nodejs source
[debug] [2025-03-22T20:00:34.613Z] Failed to find version of module node: reached end of search path C:\Projects\espace-etude-project\functions\node_modules
[info] +  functions: Using node@22 from host. 
[debug] [2025-03-22T20:00:34.616Z] Could not find functions.yaml. Must use http discovery
[debug] [2025-03-22T20:00:34.626Z] Found firebase-functions binary at 'C:\Projects\espace-etude-project\functions\node_modules\.bin\firebase-functions'
[info] Serving at port 8433

[debug] [2025-03-22T20:00:35.716Z] Got response from /__/functions.yaml {"endpoints":{"getTotalUsers":{"availableMemoryMb":null,"timeoutSeconds":null,"minInstances":null,"maxInstances":null,"ingressSettings":null,"concurrency":null,"serviceAccountEmail":null,"vpc":null,"platform":"gcfv2","labels":{},"httpsTrigger":{},"entryPoint":"getTotalUsers"}},"specVersion":"v1alpha1","requiredAPIs":[],"extensions":{}}
[info] +  functions: Loaded functions definitions from source: getTotalUsers. {"metadata":{"emulator":{"name":"functions"},"message":"Loaded functions definitions from source: getTotalUsers."}}
[info] +  functions[us-central1-getTotalUsers]: http function initialized (http://127.0.0.1:5001/espace-etude/us-central1/getTotalUsers). {"metadata":{"emulator":{"name":"functions"},"message":"\u001b[1mhttp\u001b[22m function initialized (http://127.0.0.1:5001/espace-etude/us-central1/getTotalUsers)."}}
[debug] [2025-03-22T20:00:39.785Z] Could not find VSCode notification endpoint: FetchError: request to http://localhost:40001/vscode/notify failed, reason: . If you are not running the Firebase Data Connect VSCode extension, this is expected and not an issue.
[info] 
┌─────────────────────────────────────────────────────────────┐
│ ✔  All emulators ready! It is now safe to connect your app. │
│ i  View Emulator UI at http://127.0.0.1:4000/               │
└─────────────────────────────────────────────────────────────┘

┌───────────┬────────────────┬─────────────────────────────────┐
│ Emulator  │ Host:Port      │ View in Emulator UI             │
├───────────┼────────────────┼─────────────────────────────────┤
│ Functions │ 127.0.0.1:5001 │ http://127.0.0.1:4000/functions │
└───────────┴────────────────┴─────────────────────────────────┘
  Emulator Hub host: 127.0.0.1 port: 4400
  Other reserved ports: 4500

Issues? Report them at https://github.com/firebase/firebase-tools/issues and attach the *-debug.log files.
 
[debug] [2025-03-22T20:00:49.581Z] [work-queue] {"queuedWork":["/espace-etude/us-central1/getTotalUsers-2025-03-22T20:00:49.581Z"],"queueLength":1,"runningWork":[],"workRunningCount":0}
[debug] [2025-03-22T20:00:49.582Z] [work-queue] {"queuedWork":[],"queueLength":0,"runningWork":["/espace-etude/us-central1/getTotalUsers-2025-03-22T20:00:49.581Z"],"workRunningCount":1}
[debug] [2025-03-22T20:00:49.583Z] Accepted request GET /espace-etude/us-central1/getTotalUsers --> us-central1-getTotalUsers
[debug] [2025-03-22T20:00:49.590Z] [functions] Runtime ready! Sending request! {"metadata":{"emulator":{"name":"functions"},"message":"[functions] Runtime ready! Sending request!"}}
[debug] [2025-03-22T20:00:49.591Z] [functions] Got req.url=/espace-etude/us-central1/getTotalUsers, mapping to path=/ {"metadata":{"emulator":{"name":"functions"},"message":"[functions] Got req.url=/espace-etude/us-central1/getTotalUsers, mapping to path=/"}}
[debug] [2025-03-22T20:00:49.613Z] [worker-pool] addWorker(us-central1-getTotalUsers) {"metadata":{"emulator":{"name":"functions"},"message":"[worker-pool] addWorker(us-central1-getTotalUsers)"}}
[debug] [2025-03-22T20:00:49.614Z] [worker-pool] Adding worker with key us-central1-getTotalUsers, total=1 {"metadata":{"emulator":{"name":"functions"},"message":"[worker-pool] Adding worker with key us-central1-getTotalUsers, total=1"}}
[debug] [2025-03-22T20:00:52.012Z] [runtime-status] [18580] Resolved module firebase-admin {"declared":true,"installed":true,"version":"12.7.0","resolution":"C:\\Projects\\espace-etude-project\\functions\\node_modules\\firebase-admin\\lib\\index.js"} {"metadata":{"emulator":{"name":"functions"},"function":{"name":"us-central1-getTotalUsers"},"extension":{},"message":"[runtime-status] [18580] Resolved module firebase-admin {\"declared\":true,\"installed\":true,\"version\":\"12.7.0\",\"resolution\":\"C:\\\\Projects\\\\espace-etude-project\\\\functions\\\\node_modules\\\\firebase-admin\\\\lib\\\\index.js\"}"}}
[debug] [2025-03-22T20:00:52.016Z] [runtime-status] [18580] Resolved module firebase-functions {"declared":true,"installed":true,"version":"6.3.2","resolution":"C:\\Projects\\espace-etude-project\\functions\\node_modules\\firebase-functions\\lib\\v2\\index.js"} {"metadata":{"emulator":{"name":"functions"},"function":{"name":"us-central1-getTotalUsers"},"extension":{},"message":"[runtime-status] [18580] Resolved module firebase-functions {\"declared\":true,\"installed\":true,\"version\":\"6.3.2\",\"resolution\":\"C:\\\\Projects\\\\espace-etude-project\\\\functions\\\\node_modules\\\\firebase-functions\\\\lib\\\\v2\\\\index.js\"}"}}
[debug] [2025-03-22T20:00:52.020Z] [runtime-status] [18580] Outgoing network have been stubbed. [{"name":"http","status":"mocked"},{"name":"http","status":"mocked"},{"name":"https","status":"mocked"},{"name":"https","status":"mocked"},{"name":"net","status":"mocked"}] {"metadata":{"emulator":{"name":"functions"},"function":{"name":"us-central1-getTotalUsers"},"extension":{},"message":"[runtime-status] [18580] Outgoing network have been stubbed. [{\"name\":\"http\",\"status\":\"mocked\"},{\"name\":\"http\",\"status\":\"mocked\"},{\"name\":\"https\",\"status\":\"mocked\"},{\"name\":\"https\",\"status\":\"mocked\"},{\"name\":\"net\",\"status\":\"mocked\"}]"}}
[debug] [2025-03-22T20:00:52.022Z] [runtime-status] [18580] Resolved module firebase-functions {"declared":true,"installed":true,"version":"6.3.2","resolution":"C:\\Projects\\espace-etude-project\\functions\\node_modules\\firebase-functions\\lib\\v2\\index.js"} {"metadata":{"emulator":{"name":"functions"},"function":{"name":"us-central1-getTotalUsers"},"extension":{},"message":"[runtime-status] [18580] Resolved module firebase-functions {\"declared\":true,\"installed\":true,\"version\":\"6.3.2\",\"resolution\":\"C:\\\\Projects\\\\espace-etude-project\\\\functions\\\\node_modules\\\\firebase-functions\\\\lib\\\\v2\\\\index.js\"}"}}
[debug] [2025-03-22T20:00:52.614Z] [runtime-status] [18580] Checked functions.config() {"config":{}} {"metadata":{"emulator":{"name":"functions"},"function":{"name":"us-central1-getTotalUsers"},"extension":{},"message":"[runtime-status] [18580] Checked functions.config() {\"config\":{}}"}}
[debug] [2025-03-22T20:00:52.616Z] [runtime-status] [18580] firebase-functions has been stubbed. {"functionsResolution":{"declared":true,"installed":true,"version":"6.3.2","resolution":"C:\\Projects\\espace-etude-project\\functions\\node_modules\\firebase-functions\\lib\\v2\\index.js"}} {"metadata":{"emulator":{"name":"functions"},"function":{"name":"us-central1-getTotalUsers"},"extension":{},"message":"[runtime-status] [18580] firebase-functions has been stubbed. {\"functionsResolution\":{\"declared\":true,\"installed\":true,\"version\":\"6.3.2\",\"resolution\":\"C:\\\\Projects\\\\espace-etude-project\\\\functions\\\\node_modules\\\\firebase-functions\\\\lib\\\\v2\\\\index.js\"}}"}}
[debug] [2025-03-22T20:00:52.618Z] [runtime-status] [18580] Resolved module firebase-functions {"declared":true,"installed":true,"version":"6.3.2","resolution":"C:\\Projects\\espace-etude-project\\functions\\node_modules\\firebase-functions\\lib\\v2\\index.js"} {"metadata":{"emulator":{"name":"functions"},"function":{"name":"us-central1-getTotalUsers"},"extension":{},"message":"[runtime-status] [18580] Resolved module firebase-functions {\"declared\":true,\"installed\":true,\"version\":\"6.3.2\",\"resolution\":\"C:\\\\Projects\\\\espace-etude-project\\\\functions\\\\node_modules\\\\firebase-functions\\\\lib\\\\v2\\\\index.js\"}"}}
[debug] [2025-03-22T20:00:52.625Z] [runtime-status] [18580] Resolved module firebase-admin {"declared":true,"installed":true,"version":"12.7.0","resolution":"C:\\Projects\\espace-etude-project\\functions\\node_modules\\firebase-admin\\lib\\index.js"} {"metadata":{"emulator":{"name":"functions"},"function":{"name":"us-central1-getTotalUsers"},"extension":{},"message":"[runtime-status] [18580] Resolved module firebase-admin {\"declared\":true,\"installed\":true,\"version\":\"12.7.0\",\"resolution\":\"C:\\\\Projects\\\\espace-etude-project\\\\functions\\\\node_modules\\\\firebase-admin\\\\lib\\\\index.js\"}"}}
[debug] [2025-03-22T20:00:52.628Z] [runtime-status] [18580] Resolved module firebase-functions {"declared":true,"installed":true,"version":"6.3.2","resolution":"C:\\Projects\\espace-etude-project\\functions\\node_modules\\firebase-functions\\lib\\v2\\index.js"} {"metadata":{"emulator":{"name":"functions"},"function":{"name":"us-central1-getTotalUsers"},"extension":{},"message":"[runtime-status] [18580] Resolved module firebase-functions {\"declared\":true,\"installed\":true,\"version\":\"6.3.2\",\"resolution\":\"C:\\\\Projects\\\\espace-etude-project\\\\functions\\\\node_modules\\\\firebase-functions\\\\lib\\\\v2\\\\index.js\"}"}}
[debug] [2025-03-22T20:00:52.628Z] [runtime-status] [18580] firebase-admin has been stubbed. {"adminResolution":{"declared":true,"installed":true,"version":"12.7.0","resolution":"C:\\Projects\\espace-etude-project\\functions\\node_modules\\firebase-admin\\lib\\index.js"}} {"metadata":{"emulator":{"name":"functions"},"function":{"name":"us-central1-getTotalUsers"},"extension":{},"message":"[runtime-status] [18580] firebase-admin has been stubbed. {\"adminResolution\":{\"declared\":true,\"installed\":true,\"version\":\"12.7.0\",\"resolution\":\"C:\\\\Projects\\\\espace-etude-project\\\\functions\\\\node_modules\\\\firebase-admin\\\\lib\\\\index.js\"}}"}}
[debug] [2025-03-22T20:00:52.635Z] [runtime-status] [18580] initializeApp(DEFAULT) {"storageBucket":"espace-etude.firebasestorage.app","projectId":"espace-etude"} {"metadata":{"emulator":{"name":"functions"},"function":{"name":"us-central1-getTotalUsers"},"extension":{},"message":"[runtime-status] [18580] initializeApp(DEFAULT) {\"storageBucket\":\"espace-etude.firebasestorage.app\",\"projectId\":\"espace-etude\"}"}}
[warn] !  functions: The Cloud Firestore emulator is not running, so calls to Firestore will affect production. {"metadata":{"emulator":{"name":"functions"},"function":{"name":"us-central1-getTotalUsers"},"extension":{},"message":"The Cloud Firestore emulator is not running, so calls to Firestore will affect production."}}
[debug] [2025-03-22T20:00:52.647Z] [runtime-status] [18580] Functions runtime initialized. {"cwd":"C:\\Projects\\espace-etude-project\\functions","node_version":"22.14.0"} {"metadata":{"emulator":{"name":"functions"},"function":{"name":"us-central1-getTotalUsers"},"extension":{},"message":"[runtime-status] [18580] Functions runtime initialized. {\"cwd\":\"C:\\\\Projects\\\\espace-etude-project\\\\functions\",\"node_version\":\"22.14.0\"}"}}
[debug] [2025-03-22T20:00:52.647Z] [runtime-status] [18580] Listening to port: \\?\pipe\fire_emu_6a17fa1e653a8b27 {"metadata":{"emulator":{"name":"functions"},"function":{"name":"us-central1-getTotalUsers"},"extension":{},"message":"[runtime-status] [18580] Listening to port: \\\\?\\pipe\\fire_emu_6a17fa1e653a8b27"}}
[debug] [2025-03-22T20:00:52.771Z] [worker-us-central1-getTotalUsers-30ff6a32-863f-4e07-b346-21a2df0f2e2b]: IDLE {"metadata":{"emulator":{"name":"functions"},"function":{"name":"us-central1-getTotalUsers"},"extension":{},"message":"[worker-us-central1-getTotalUsers-30ff6a32-863f-4e07-b346-21a2df0f2e2b]: IDLE"}}
[debug] [2025-03-22T20:00:52.772Z] [worker-pool] submitRequest(triggerId=us-central1-getTotalUsers) {"metadata":{"emulator":{"name":"functions"},"message":"[worker-pool] submitRequest(triggerId=us-central1-getTotalUsers)"}}
[info] i  functions: Beginning execution of "us-central1-getTotalUsers" {"metadata":{"emulator":{"name":"functions"},"function":{"name":"us-central1-getTotalUsers"},"extension":{},"message":"Beginning execution of \"us-central1-getTotalUsers\""}}
[debug] [2025-03-22T20:00:52.774Z] [worker-us-central1-getTotalUsers-30ff6a32-863f-4e07-b346-21a2df0f2e2b]: BUSY {"metadata":{"emulator":{"name":"functions"},"function":{"name":"us-central1-getTotalUsers"},"extension":{},"message":"[worker-us-central1-getTotalUsers-30ff6a32-863f-4e07-b346-21a2df0f2e2b]: BUSY"}}
[warn] !  Google API requested!
   - URL: "https://oauth2.googleapis.com/token"
   - Be careful, this may be a production service. {"metadata":{"emulator":{"name":"functions"},"function":{"name":"us-central1-getTotalUsers"},"extension":{},"message":"Google API requested!\n   - URL: \"https://oauth2.googleapis.com/token\"\n   - Be careful, this may be a production service."}}
[debug] [2025-03-22T20:00:59.978Z] Finishing up request with event=pause {"metadata":{"emulator":{"name":"functions"},"function":{"name":"us-central1-getTotalUsers"},"extension":{},"message":"Finishing up request with event=pause"}}
[info] i  functions: Finished "us-central1-getTotalUsers" in 7204.4439ms {"metadata":{"emulator":{"name":"functions"},"function":{"name":"us-central1-getTotalUsers"},"extension":{},"message":"Finished \"us-central1-getTotalUsers\" in 7204.4439ms"}}
[debug] [2025-03-22T20:00:59.980Z] [worker-us-central1-getTotalUsers-30ff6a32-863f-4e07-b346-21a2df0f2e2b]: IDLE {"metadata":{"emulator":{"name":"functions"},"function":{"name":"us-central1-getTotalUsers"},"extension":{},"message":"[worker-us-central1-getTotalUsers-30ff6a32-863f-4e07-b346-21a2df0f2e2b]: IDLE"}}
[debug] [2025-03-22T20:00:59.981Z] Finishing up request with event=finish {"metadata":{"emulator":{"name":"functions"},"function":{"name":"us-central1-getTotalUsers"},"extension":{},"message":"Finishing up request with event=finish"}}
[debug] [2025-03-22T20:00:59.981Z] Finishing up request with event=close {"metadata":{"emulator":{"name":"functions"},"function":{"name":"us-central1-getTotalUsers"},"extension":{},"message":"Finishing up request with event=close"}}
[debug] [2025-03-22T20:00:59.982Z] [work-queue] {"queuedWork":[],"queueLength":0,"runningWork":[],"workRunningCount":0}
[debug] [2025-03-22T20:02:50.947Z] [work-queue] {"queuedWork":["/espace-etude/us-central1/getTotalUsers-2025-03-22T20:02:50.946Z"],"queueLength":1,"runningWork":[],"workRunningCount":0}
[debug] [2025-03-22T20:02:50.947Z] [work-queue] {"queuedWork":[],"queueLength":0,"runningWork":["/espace-etude/us-central1/getTotalUsers-2025-03-22T20:02:50.946Z"],"workRunningCount":1}
[debug] [2025-03-22T20:02:50.947Z] Accepted request GET /espace-etude/us-central1/getTotalUsers --> us-central1-getTotalUsers
[debug] [2025-03-22T20:02:50.952Z] [functions] Runtime ready! Sending request! {"metadata":{"emulator":{"name":"functions"},"message":"[functions] Runtime ready! Sending request!"}}
[debug] [2025-03-22T20:02:50.953Z] [functions] Got req.url=/espace-etude/us-central1/getTotalUsers, mapping to path=/ {"metadata":{"emulator":{"name":"functions"},"message":"[functions] Got req.url=/espace-etude/us-central1/getTotalUsers, mapping to path=/"}}
[debug] [2025-03-22T20:02:50.954Z] [worker-pool] submitRequest(triggerId=us-central1-getTotalUsers) {"metadata":{"emulator":{"name":"functions"},"message":"[worker-pool] submitRequest(triggerId=us-central1-getTotalUsers)"}}
[info] i  functions: Beginning execution of "us-central1-getTotalUsers" {"metadata":{"emulator":{"name":"functions"},"function":{"name":"us-central1-getTotalUsers"},"extension":{},"message":"Beginning execution of \"us-central1-getTotalUsers\""}}
[debug] [2025-03-22T20:02:50.956Z] [worker-us-central1-getTotalUsers-30ff6a32-863f-4e07-b346-21a2df0f2e2b]: BUSY {"metadata":{"emulator":{"name":"functions"},"function":{"name":"us-central1-getTotalUsers"},"extension":{},"message":"[worker-us-central1-getTotalUsers-30ff6a32-863f-4e07-b346-21a2df0f2e2b]: BUSY"}}
[debug] [2025-03-22T20:02:51.183Z] Finishing up request with event=pause {"metadata":{"emulator":{"name":"functions"},"function":{"name":"us-central1-getTotalUsers"},"extension":{},"message":"Finishing up request with event=pause"}}
[info] i  functions: Finished "us-central1-getTotalUsers" in 228.2427ms {"metadata":{"emulator":{"name":"functions"},"function":{"name":"us-central1-getTotalUsers"},"extension":{},"message":"Finished \"us-central1-getTotalUsers\" in 228.2427ms"}}
[debug] [2025-03-22T20:02:51.186Z] [worker-us-central1-getTotalUsers-30ff6a32-863f-4e07-b346-21a2df0f2e2b]: IDLE {"metadata":{"emulator":{"name":"functions"},"function":{"name":"us-central1-getTotalUsers"},"extension":{},"message":"[worker-us-central1-getTotalUsers-30ff6a32-863f-4e07-b346-21a2df0f2e2b]: IDLE"}}
[debug] [2025-03-22T20:02:51.187Z] Finishing up request with event=finish {"metadata":{"emulator":{"name":"functions"},"function":{"name":"us-central1-getTotalUsers"},"extension":{},"message":"Finishing up request with event=finish"}}
[debug] [2025-03-22T20:02:51.188Z] Finishing up request with event=close {"metadata":{"emulator":{"name":"functions"},"function":{"name":"us-central1-getTotalUsers"},"extension":{},"message":"Finishing up request with event=close"}}
[debug] [2025-03-22T20:02:51.188Z] [work-queue] {"queuedWork":[],"queueLength":0,"runningWork":[],"workRunningCount":0}
[debug] [2025-03-22T20:02:51.327Z] Functions emulator received unknown request at path /favicon.ico
[debug] [2025-03-22T20:03:06.440Z] File C:\Projects\espace-etude-project\functions\src\user.ts changed, reloading triggers {"metadata":{"emulator":{"name":"functions"},"message":"File C:\\Projects\\espace-etude-project\\functions\\src\\user.ts changed, reloading triggers"}}
[debug] [2025-03-22T20:03:07.449Z] Validating nodejs source
[debug] [2025-03-22T20:03:09.071Z] > [functions] package.json contents: {
  "name": "functions",
  "scripts": {
    "build": "tsc",
    "build:watch": "tsc --watch",
    "serve": "npm run build && firebase emulators:start --only functions",
    "shell": "npm run build && firebase functions:shell",
    "start": "npm run shell",
    "deploy": "firebase deploy --only functions",
    "logs": "firebase functions:log"
  },
  "engines": {
    "node": "22"
  },
  "main": "lib/index.js",
  "dependencies": {
    "firebase-admin": "^12.6.0",
    "firebase-functions": "^6.0.1"
  },
  "devDependencies": {
    "typescript": "^4.9.0",
    "firebase-functions-test": "^3.1.0"
  },
  "private": true
}
[debug] [2025-03-22T20:03:09.071Z] Building nodejs source
[debug] [2025-03-22T20:03:09.072Z] Failed to find version of module node: reached end of search path C:\Projects\espace-etude-project\functions\node_modules
[info] +  functions: Using node@22 from host. 
[debug] [2025-03-22T20:03:09.073Z] Could not find functions.yaml. Must use http discovery
[debug] [2025-03-22T20:03:09.089Z] Found firebase-functions binary at 'C:\Projects\espace-etude-project\functions\node_modules\.bin\firebase-functions'
[info] Serving at port 8643

[debug] [2025-03-22T20:03:10.213Z] Got response from /__/functions.yaml {"endpoints":{"getTotalUsers":{"availableMemoryMb":null,"timeoutSeconds":null,"minInstances":null,"maxInstances":null,"ingressSettings":null,"concurrency":null,"serviceAccountEmail":null,"vpc":null,"platform":"gcfv2","labels":{},"httpsTrigger":{},"entryPoint":"getTotalUsers"}},"specVersion":"v1alpha1","requiredAPIs":[],"extensions":{}}
[info] +  functions: Loaded functions definitions from source: getTotalUsers. {"metadata":{"emulator":{"name":"functions"},"message":"Loaded functions definitions from source: getTotalUsers."}}
[debug] [2025-03-22T20:03:14.250Z] [worker-pool] Shutting down IDLE worker (us-central1-getTotalUsers) {"metadata":{"emulator":{"name":"functions"},"message":"[worker-pool] Shutting down IDLE worker (us-central1-getTotalUsers)"}}
[debug] [2025-03-22T20:03:14.251Z] [worker-us-central1-getTotalUsers-30ff6a32-863f-4e07-b346-21a2df0f2e2b]: FINISHING {"metadata":{"emulator":{"name":"functions"},"function":{"name":"us-central1-getTotalUsers"},"extension":{},"message":"[worker-us-central1-getTotalUsers-30ff6a32-863f-4e07-b346-21a2df0f2e2b]: FINISHING"}}
[debug] [2025-03-22T20:03:14.277Z] [worker-us-central1-getTotalUsers-30ff6a32-863f-4e07-b346-21a2df0f2e2b]: exited {"metadata":{"emulator":{"name":"functions"},"function":{"name":"us-central1-getTotalUsers"},"extension":{},"message":"[worker-us-central1-getTotalUsers-30ff6a32-863f-4e07-b346-21a2df0f2e2b]: exited"}}
[debug] [2025-03-22T20:03:14.278Z] [worker-us-central1-getTotalUsers-30ff6a32-863f-4e07-b346-21a2df0f2e2b]: FINISHED {"metadata":{"emulator":{"name":"functions"},"function":{"name":"us-central1-getTotalUsers"},"extension":{},"message":"[worker-us-central1-getTotalUsers-30ff6a32-863f-4e07-b346-21a2df0f2e2b]: FINISHED"}}
